<?xml version="1.0" encoding="UTF-8"?>
<!-- Generated by org.testng.reporters.JUnitReportReporter -->
<testsuite hostname="DESKTOP-S4VQME9" failures="0" tests="2" name="com.DataDriven" time="6.350" errors="0" timestamp="2023-10-18T08:28:41 IST" skipped="0">
  <testcase classname="com.DataDriven" name="logintest" time="3.189"/>
  <testcase classname="com.DataDriven" name="logintest" time="3.161"/>
</testsuite> <!-- com.DataDriven -->
