<?xml version="1.0" encoding="UTF-8"?>
<!-- Generated by org.testng.reporters.JUnitReportReporter -->
<testsuite hostname="DESKTOP-S4VQME9" failures="0" tests="2" name="parameter.FBParaLogin" time="0.458" errors="0" timestamp="2023-09-23T17:52:01 IST" skipped="0">
  <testcase classname="parameter.FBParaLogin" name="test" time="0.257"/>
  <testcase classname="parameter.FBParaLogin" name="test" time="0.201"/>
</testsuite> <!-- parameter.FBParaLogin -->
