<?xml version="1.0" encoding="UTF-8"?>
<!-- Generated by org.testng.reporters.JUnitReportReporter -->
<testsuite hostname="DESKTOP-S4VQME9" failures="0" tests="3" name="crossbrowser.BrowserTest" time="10.481" errors="0" timestamp="2023-09-23T17:52:36 IST" skipped="0">
  <testcase classname="crossbrowser.BrowserTest" name="test" time="3.025"/>
  <testcase classname="crossbrowser.BrowserTest" name="test" time="2.747"/>
  <testcase classname="crossbrowser.BrowserTest" name="test" time="4.709"/>
</testsuite> <!-- crossbrowser.BrowserTest -->
