<?xml version="1.0" encoding="UTF-8"?>
<!-- Generated by org.testng.reporters.JUnitReportReporter -->
<testsuite hostname="DESKTOP-S4VQME9" failures="0" tests="2" name="parameter.FBParaLogin" time="0.459" errors="0" timestamp="2023-09-18T10:00:22 IST" skipped="0">
  <testcase classname="parameter.FBParaLogin" name="test" time="0.211"/>
  <testcase classname="parameter.FBParaLogin" name="test" time="0.248"/>
</testsuite> <!-- parameter.FBParaLogin -->
