<?xml version="1.0" encoding="UTF-8"?>
<!-- Generated by org.testng.reporters.JUnitReportReporter -->
<testsuite hostname="DESKTOP-S4VQME9" failures="0" tests="4" name="basic.P01_Basic" time="0.018" errors="0" timestamp="2023-09-15T08:34:16 IST" skipped="0">
  <testcase classname="basic.P01_Basic" name="test1" time="0.012"/>
  <testcase classname="basic.P01_Basic" name="test4" time="0.002"/>
  <testcase classname="basic.P01_Basic" name="test2" time="0.002"/>
  <testcase classname="basic.P01_Basic" name="test3" time="0.002"/>
</testsuite> <!-- basic.P01_Basic -->
