<?xml version="1.0" encoding="UTF-8"?>
<!-- Generated by org.testng.reporters.JUnitReportReporter -->
<testsuite hostname="DESKTOP-S4VQME9" failures="0" tests="3" name="crossbrowser.BrowserTest" time="13.898" errors="0" timestamp="2023-10-09T10:35:32 IST" skipped="0">
  <testcase classname="crossbrowser.BrowserTest" name="test" time="4.989"/>
  <testcase classname="crossbrowser.BrowserTest" name="test" time="4.615"/>
  <testcase classname="crossbrowser.BrowserTest" name="test" time="4.294"/>
</testsuite> <!-- crossbrowser.BrowserTest -->
