<?xml version="1.0" encoding="UTF-8"?>
<!-- Generated by org.testng.reporters.JUnitReportReporter -->
<testsuite hostname="DESKTOP-S4VQME9" failures="0" tests="1" name="parameter.ParametersTest" time="3.637" errors="0" timestamp="2023-09-18T09:53:16 IST" skipped="0">
  <testcase classname="parameter.ParametersTest" name="login" time="3.637"/>
</testsuite> <!-- parameter.ParametersTest -->
