<?xml version="1.0" encoding="UTF-8"?>
<!-- Generated by org.testng.reporters.JUnitReportReporter -->
<testsuite hostname="DESKTOP-S4VQME9" failures="0" tests="3" name="crossbrowser.BrowserTest" time="10.922" errors="0" timestamp="2023-09-22T09:57:10 IST" skipped="0">
  <testcase classname="crossbrowser.BrowserTest" name="test" time="4.685"/>
  <testcase classname="crossbrowser.BrowserTest" name="test" time="3.728"/>
  <testcase classname="crossbrowser.BrowserTest" name="test" time="2.509"/>
</testsuite> <!-- crossbrowser.BrowserTest -->
