<?xml version="1.0" encoding="UTF-8"?>
<!-- Generated by org.testng.reporters.JUnitReportReporter -->
<testsuite hostname="DESKTOP-S4VQME9" failures="0" tests="1" name="eshop.Payment" time="0.002" errors="0" timestamp="2023-09-18T09:28:49 IST" skipped="0">
  <testcase classname="eshop.Payment" name="COD" time="0.002"/>
</testsuite> <!-- eshop.Payment -->
