<?xml version="1.0" encoding="UTF-8"?>
<!-- Generated by org.testng.reporters.JUnitReportReporter -->
<testsuite hostname="DESKTOP-S4VQME9" failures="0" tests="1" name="basic.P03_Annotations" time="0.007" errors="0" timestamp="2023-09-15T08:43:22 IST" skipped="0">
  <testcase classname="basic.P03_Annotations" name="test" time="0.007"/>
</testsuite> <!-- basic.P03_Annotations -->
